<?xml version="1.0" encoding="UTF-8"?>
<!-- Generated by org.testng.reporters.JUnitReportReporter -->
<testsuite skipped="0" hostname="LAB_04_18" name="javaProgram.headless_Test" tests="1" failures="0" timestamp="03 Sep 2021 06:39:52 GMT" time="6.870" errors="0">
  <testcase name="actionsOnCookies" time="6.870" classname="javaProgram.headless_Test"/>
</testsuite> <!-- javaProgram.headless_Test -->
