<?xml version="1.0" encoding="UTF-8"?>
<!-- Generated by org.testng.reporters.JUnitReportReporter -->
<testsuite skipped="0" hostname="LAB_04_18" name="javaProgram.Synchronization" tests="1" failures="0" timestamp="03 Sep 2021 05:32:09 GMT" time="19.393" errors="0">
  <testcase name="LoginAllCases" time="19.393" classname="javaProgram.Synchronization"/>
</testsuite> <!-- javaProgram.Synchronization -->
