<?xml version="1.0" encoding="UTF-8"?>
<!-- Generated by org.testng.reporters.JUnitReportReporter -->
<testsuite skipped="0" hostname="LAB_04_18" name="javaProgram.Test_login" tests="1" failures="0" timestamp="31 Aug 2021 12:21:00 GMT" time="6.216" errors="0">
  <testcase name="run" time="6.216" classname="javaProgram.Test_login"/>
</testsuite> <!-- javaProgram.Test_login -->
