<?xml version="1.0" encoding="UTF-8"?>
<!-- Generated by org.testng.reporters.JUnitReportReporter -->
<testsuite skipped="0" hostname="LAB_04_18" name="javaProgram.annotation_sequence" tests="1" failures="0" timestamp="02 Sep 2021 06:23:17 GMT" time="0.006" errors="0">
  <testcase name="test1" time="0.006" classname="javaProgram.annotation_sequence"/>
</testsuite> <!-- javaProgram.annotation_sequence -->
