<?xml version="1.0" encoding="UTF-8"?>
<!-- Generated by org.testng.reporters.JUnitReportReporter -->
<testsuite skipped="0" hostname="LAB_04_18" name="javaProgram.Apache_POI_Test" tests="1" failures="0" timestamp="03 Sep 2021 09:39:04 GMT" time="0.293" errors="0">
  <testcase name="run_excel" time="0.293" classname="javaProgram.Apache_POI_Test"/>
</testsuite> <!-- javaProgram.Apache_POI_Test -->
