<?xml version="1.0" encoding="UTF-8"?>
<!-- Generated by org.testng.reporters.JUnitReportReporter -->
<testsuite skipped="0" hostname="LAB_04_18" name="javaProgram.Test_demoqa" tests="1" failures="0" timestamp="01 Sep 2021 06:37:18 GMT" time="6.666" errors="0">
  <testcase name="run" time="6.666" classname="javaProgram.Test_demoqa"/>
</testsuite> <!-- javaProgram.Test_demoqa -->
