<?xml version="1.0" encoding="UTF-8"?>
<!-- Generated by org.testng.reporters.JUnitReportReporter -->
<testsuite skipped="0" hostname="LAB_04_18" name="javaProgram.properties_example" tests="1" failures="0" timestamp="02 Sep 2021 12:10:18 GMT" time="0.009" errors="0">
  <testcase name="f" time="0.009" classname="javaProgram.properties_example"/>
</testsuite> <!-- javaProgram.properties_example -->
