<?xml version="1.0" encoding="UTF-8"?>
<!-- Generated by org.testng.reporters.JUnitReportReporter -->
<testsuite skipped="0" hostname="LAB_04_18" name="javaProgram.handle_cookies" tests="1" failures="0" timestamp="03 Sep 2021 05:58:28 GMT" time="6.454" errors="0">
  <testcase name="actionsOnCookies" time="6.454" classname="javaProgram.handle_cookies"/>
</testsuite> <!-- javaProgram.handle_cookies -->
